c:\users\karma\projects\espeak-ng\platforms\windows\windows_dll\release\espeak.pch
c:\users\karma\projects\espeak-ng\platforms\windows\windows_dll\release\vc142.pdb
c:\users\karma\projects\espeak-ng\platforms\windows\windows_dll\release\stdafx.obj
c:\users\karma\projects\espeak-ng\platforms\windows\windows_dll\release\wavegen.obj
c:\users\karma\projects\espeak-ng\platforms\windows\windows_dll\release\voices.obj
c:\users\karma\projects\espeak-ng\platforms\windows\windows_dll\release\tr_languages.obj
c:\users\karma\projects\espeak-ng\platforms\windows\windows_dll\release\synthesize.obj
c:\users\karma\projects\espeak-ng\platforms\windows\windows_dll\release\synthdata.obj
c:\users\karma\projects\espeak-ng\platforms\windows\windows_dll\release\speak_lib.obj
c:\users\karma\projects\espeak-ng\platforms\windows\windows_dll\release\sonic.obj
c:\users\karma\projects\espeak-ng\platforms\windows\windows_dll\release\setlengths.obj
c:\users\karma\projects\espeak-ng\platforms\windows\windows_dll\release\readclause.obj
c:\users\karma\projects\espeak-ng\platforms\windows\windows_dll\release\phonemelist.obj
c:\users\karma\projects\espeak-ng\platforms\windows\windows_dll\release\numbers.obj
c:\users\karma\projects\espeak-ng\platforms\windows\windows_dll\release\klatt.obj
c:\users\karma\projects\espeak-ng\platforms\windows\windows_dll\release\intonation.obj
c:\users\karma\projects\espeak-ng\platforms\windows\windows_dll\release\compiledict.obj
c:\users\karma\projects\espeak-ng\platforms\windows\windows_dll\release\espeak.tlog\cl.command.1.tlog
c:\users\karma\projects\espeak-ng\platforms\windows\windows_dll\release\espeak.tlog\cl.read.1.tlog
c:\users\karma\projects\espeak-ng\platforms\windows\windows_dll\release\espeak.tlog\cl.write.1.tlog
